<?xml version="1.0" encoding="UTF-8"?>
<coverage generated="1493075121262" clover="3.2.0">
  <project timestamp="1493075121262" name="All files">
    <metrics statements="4" coveredstatements="4" conditionals="2" coveredconditionals="2" methods="3" coveredmethods="3" elements="9" coveredelements="9" complexity="0" loc="4" ncloc="4" packages="1" files="3" classes="3">
      <file name="createRequest.js" path="/mnt/c/Users/shuoi/workspace/http-fantasy-land/src/utils/createRequest.js">
        <metrics statements="2" coveredstatements="2" conditionals="0" coveredconditionals="0" methods="1" coveredmethods="1"/>
        <line num="3" count="1" type="stmt"/>
        <line num="4" count="1" type="stmt"/>
      </file>
      <file name="isStream.js" path="/mnt/c/Users/shuoi/workspace/http-fantasy-land/src/utils/isStream.js">
        <metrics statements="1" coveredstatements="1" conditionals="2" coveredconditionals="2" methods="1" coveredmethods="1"/>
        <line num="1" count="8" type="cond" truecount="2" falsecount="0"/>
      </file>
      <file name="isString.js" path="/mnt/c/Users/shuoi/workspace/http-fantasy-land/src/utils/isString.js">
        <metrics statements="1" coveredstatements="1" conditionals="0" coveredconditionals="0" methods="1" coveredmethods="1"/>
        <line num="1" count="7" type="stmt"/>
      </file>
    </metrics>
  </project>
</coverage>
