{"/mnt/c/Users/shuoi/workspace/http-fantasy-land/src/utils/createRequest.js": {"path":"/mnt/c/Users/shuoi/workspace/http-fantasy-land/src/utils/createRequest.js","statementMap":{"0":{"start":{"line":3,"column":22},"end":{"line":10,"column":4}},"1":{"start":{"line":4,"column":2},"end":{"line":10,"column":4}}},"fnMap":{"0":{"name":"(anonymous_0)","decl":{"start":{"line":3,"column":22},"end":{"line":3,"column":23}},"loc":{"start":{"line":4,"column":2},"end":{"line":10,"column":4}},"line":4}},"branchMap":{},"s":{"0":1,"1":1},"f":{"0":1},"b":{},"_coverageSchema":"332fd63041d2c1bcb487cc26dd0d5f7d97098a6c","hash":"63916003ebe6668886940e160bb0a6cb9e6b7bee"}
,"/mnt/c/Users/shuoi/workspace/http-fantasy-land/src/utils/isStream.js": {"path":"/mnt/c/Users/shuoi/workspace/http-fantasy-land/src/utils/isStream.js","statementMap":{"0":{"start":{"line":1,"column":17},"end":{"line":1,"column":71}},"1":{"start":{"line":1,"column":26},"end":{"line":1,"column":71}}},"fnMap":{"0":{"name":"(anonymous_0)","decl":{"start":{"line":1,"column":17},"end":{"line":1,"column":18}},"loc":{"start":{"line":1,"column":26},"end":{"line":1,"column":71}},"line":1}},"branchMap":{"0":{"loc":{"start":{"line":1,"column":29},"end":{"line":1,"column":70}},"type":"binary-expr","locations":[{"start":{"line":1,"column":29},"end":{"line":1,"column":34}},{"start":{"line":1,"column":38},"end":{"line":1,"column":70}}],"line":1}},"s":{"0":1,"1":8},"f":{"0":8},"b":{"0":[8,5]},"_coverageSchema":"332fd63041d2c1bcb487cc26dd0d5f7d97098a6c","hash":"c25b917b0f90181048736e429ea40c5ed0f66616"}
,"/mnt/c/Users/shuoi/workspace/http-fantasy-land/src/utils/isString.js": {"path":"/mnt/c/Users/shuoi/workspace/http-fantasy-land/src/utils/isString.js","statementMap":{"0":{"start":{"line":1,"column":17},"end":{"line":1,"column":51}},"1":{"start":{"line":1,"column":26},"end":{"line":1,"column":51}}},"fnMap":{"0":{"name":"(anonymous_0)","decl":{"start":{"line":1,"column":17},"end":{"line":1,"column":18}},"loc":{"start":{"line":1,"column":26},"end":{"line":1,"column":51}},"line":1}},"branchMap":{},"s":{"0":1,"1":7},"f":{"0":7},"b":{},"_coverageSchema":"332fd63041d2c1bcb487cc26dd0d5f7d97098a6c","hash":"b3e616f7790c14f5815b901f4eda0bdd8aceba80"}
}
