TN:
SF:/mnt/c/Users/shuoi/workspace/http-fantasy-land/src/utils/createRequest.js
FN:3,(anonymous_0)
FNF:1
FNH:1
FNDA:1,(anonymous_0)
DA:3,1
DA:4,1
LF:2
LH:2
BRF:0
BRH:0
end_of_record
TN:
SF:/mnt/c/Users/shuoi/workspace/http-fantasy-land/src/utils/isStream.js
FN:1,(anonymous_0)
FNF:1
FNH:1
FNDA:8,(anonymous_0)
DA:1,8
LF:1
LH:1
BRDA:1,0,0,8
BRDA:1,0,1,5
BRF:2
BRH:2
end_of_record
TN:
SF:/mnt/c/Users/shuoi/workspace/http-fantasy-land/src/utils/isString.js
FN:1,(anonymous_0)
FNF:1
FNH:1
FNDA:7,(anonymous_0)
DA:1,7
LF:1
LH:1
BRF:0
BRH:0
end_of_record
